<?xml version="1.0" encoding="UTF-8"?>
<testsuite xmlns:xsi="http://www.w3.org/2001/XMLSchema-instance" xsi:noNamespaceSchemaLocation="https://maven.apache.org/surefire/maven-surefire-plugin/xsd/surefire-test-report.xsd" name="APS2Teste.TesteAPS2" time="4.322" tests="10" errors="0" skipped="0" failures="0">
  <properties>
[...]
</properties>
  <testcase name="testIdadeValido" classname="APS2Teste.TesteAPS2" time="0.328"/>
  <testcase name="testTituloPagina" classname="APS2Teste.TesteAPS2" time="0.027"/>
  <testcase name="testIdadeInvalidoEmBranco" classname="APS2Teste.TesteAPS2" time="0.251"/>
  <testcase name="testNomeInvalido" classname="APS2Teste.TesteAPS2" time="0.218"/>
  <testcase name="testEnderecoInvalido" classname="APS2Teste.TesteAPS2" time="0.207"/>
  <testcase name="testNomeValido" classname="APS2Teste.TesteAPS2" time="0.219"/>
  <testcase name="testEnderecoValido" classname="APS2Teste.TesteAPS2" time="0.253"/>
  <testcase name="testSexoValido" classname="APS2Teste.TesteAPS2" time="0.279"/>
  <testcase name="testSexoInvalido" classname="APS2Teste.TesteAPS2" time="0.23"/>
  <testcase name="testIdadeInvalidoMenorQueZero" classname="APS2Teste.TesteAPS2" time="0.223"/>
</testsuite>